[2021-05-25T14:53:42.687] [DEBUG] cheese - login => username:admin,password:123456
[2021-05-25T14:53:42.688] [DEBUG] cheese - admin
[2021-05-25T14:53:42.703] [DEBUG] cheese - null
[2021-05-25T14:53:42.703] [DEBUG] cheese - null
[2021-11-28T23:41:14.944] [DEBUG] cheese - login => username:hutao,password:fire
[2021-11-28T23:41:14.956] [DEBUG] cheese - hutao
[2021-11-28T23:41:14.980] [DEBUG] cheese - { inspect: [Function: inspect] }
[2021-11-28T23:41:14.981] [DEBUG] cheese - 查询失败
[2021-11-28T23:50:46.639] [DEBUG] cheese - login => username:admin,password:123456
[2021-11-28T23:50:46.639] [DEBUG] cheese - admin
[2021-11-28T23:50:46.646] [DEBUG] cheese - { inspect: [Function: inspect] }
[2021-11-28T23:50:46.646] [DEBUG] cheese - 查询失败
[2021-12-01T00:30:19.048] [DEBUG] cheese - login => username:hutao,password:123456
[2021-12-01T00:30:19.049] [DEBUG] cheese - hutao
[2021-12-01T00:30:19.103] [DEBUG] cheese - null
[2021-12-01T00:30:19.104] [DEBUG] cheese - null
[2021-12-01T00:30:40.202] [DEBUG] cheese - login => username:admin,password:123456
[2021-12-01T00:30:40.203] [DEBUG] cheese - admin
[2021-12-01T00:30:40.212] [DEBUG] cheese - null
[2021-12-01T00:30:40.213] [DEBUG] cheese - null
[2021-12-01T00:32:37.456] [DEBUG] cheese - login => username:admin,password:123456
[2021-12-01T00:32:37.456] [DEBUG] cheese - admin
[2021-12-01T00:32:37.463] [DEBUG] cheese - null
[2021-12-01T00:32:37.463] [DEBUG] cheese - null
[2021-12-01T00:44:59.987] [DEBUG] cheese - login => username:harry,password:keqing
[2021-12-01T00:44:59.987] [DEBUG] cheese - harry
[2021-12-01T00:44:59.991] [DEBUG] cheese - null
[2021-12-01T00:44:59.991] [DEBUG] cheese - null
[2021-12-01T00:47:13.785] [DEBUG] cheese - login => username:hutao,password:yoimiya
[2021-12-01T00:47:13.785] [DEBUG] cheese - hutao
[2021-12-01T00:47:13.789] [DEBUG] cheese - null
[2021-12-01T00:47:13.789] [DEBUG] cheese - null
[2021-12-01T00:47:19.600] [DEBUG] cheese - login => username:admin,password:123456
[2021-12-01T00:47:19.600] [DEBUG] cheese - admin
[2021-12-01T00:47:19.603] [DEBUG] cheese - null
[2021-12-01T00:47:19.603] [DEBUG] cheese - null
[2021-12-01T00:47:31.836] [DEBUG] cheese - login => username:admin,password:123456
[2021-12-01T00:47:31.836] [DEBUG] cheese - admin
[2021-12-01T00:47:31.839] [DEBUG] cheese - null
[2021-12-01T00:47:31.840] [DEBUG] cheese - null
[2021-12-01T22:57:39.045] [DEBUG] cheese - login => username:admin,password:123456
[2021-12-01T22:57:39.045] [DEBUG] cheese - admin
[2021-12-01T22:57:39.073] [DEBUG] cheese - null
[2021-12-01T22:57:39.073] [DEBUG] cheese - null
[2021-12-01T22:59:21.557] [DEBUG] cheese - login => username:admin,password:123456
[2021-12-01T22:59:21.557] [DEBUG] cheese - admin
[2021-12-01T22:59:21.569] [DEBUG] cheese - null
[2021-12-01T22:59:21.570] [DEBUG] cheese - null
[2021-12-01T22:59:27.585] [DEBUG] cheese - login => username:admi3,password:123456
[2021-12-01T22:59:27.585] [DEBUG] cheese - admi3
[2021-12-01T22:59:27.589] [DEBUG] cheese - null
[2021-12-01T22:59:27.589] [DEBUG] cheese - null
[2021-12-01T23:27:02.472] [DEBUG] cheese - login => username:admin,password:123456
[2021-12-01T23:27:02.472] [DEBUG] cheese - admin
[2021-12-01T23:27:02.480] [DEBUG] cheese - null
[2021-12-01T23:27:02.480] [DEBUG] cheese - null
[2021-12-02T23:25:39.482] [DEBUG] cheese - login => username:admin,password:123456
[2021-12-02T23:25:39.483] [DEBUG] cheese - admin
[2021-12-02T23:25:39.525] [DEBUG] cheese - null
[2021-12-02T23:25:39.525] [DEBUG] cheese - null
[2021-12-03T00:55:28.474] [DEBUG] cheese - login => username:admin,password:123456
[2021-12-03T00:55:28.477] [DEBUG] cheese - admin
[2021-12-03T00:55:28.511] [DEBUG] cheese - null
[2021-12-03T00:55:28.511] [DEBUG] cheese - null
[2021-12-03T00:58:06.176] [DEBUG] cheese - login => username:admin,password:123456
[2021-12-03T00:58:06.176] [DEBUG] cheese - admin
[2021-12-03T00:58:06.181] [DEBUG] cheese - null
[2021-12-03T00:58:06.181] [DEBUG] cheese - null
[2021-12-04T16:43:58.210] [DEBUG] cheese - login => username:admin,password:123456
[2021-12-04T16:43:58.212] [DEBUG] cheese - admin
[2021-12-04T16:43:58.345] [DEBUG] cheese - null
[2021-12-04T16:43:58.345] [DEBUG] cheese - null
[2021-12-05T00:54:19.110] [DEBUG] cheese - login => username:admin,password:123456
[2021-12-05T00:54:19.117] [DEBUG] cheese - admin
[2021-12-05T00:54:19.151] [DEBUG] cheese - null
[2021-12-05T00:54:19.151] [DEBUG] cheese - null
[2021-12-08T22:00:31.834] [DEBUG] cheese - login => username:admin,password:123456
[2021-12-08T22:00:31.836] [DEBUG] cheese - admin
[2021-12-08T22:00:31.904] [DEBUG] cheese - null
[2021-12-08T22:00:31.905] [DEBUG] cheese - null
[2021-12-08T22:21:15.429] [DEBUG] cheese - login => username:admin,password:123456
[2021-12-08T22:21:15.429] [DEBUG] cheese - admin
[2021-12-08T22:21:15.435] [DEBUG] cheese - null
[2021-12-08T22:21:15.436] [DEBUG] cheese - null
[2021-12-09T00:03:07.619] [DEBUG] cheese - login => username:admin,password:123456
[2021-12-09T00:03:07.621] [DEBUG] cheese - admin
[2021-12-09T00:03:07.657] [DEBUG] cheese - null
[2021-12-09T00:03:07.659] [DEBUG] cheese - null
[2021-12-10T00:17:54.836] [DEBUG] cheese - login => username:admin,password:123456
[2021-12-10T00:17:54.843] [DEBUG] cheese - admin
[2021-12-10T00:17:54.885] [DEBUG] cheese - null
[2021-12-10T00:17:54.886] [DEBUG] cheese - null
[2021-12-11T15:19:06.795] [DEBUG] cheese - login => username:admin,password:123456
[2021-12-11T15:19:06.798] [DEBUG] cheese - admin
[2021-12-11T15:19:06.958] [DEBUG] cheese - null
[2021-12-11T15:19:06.958] [DEBUG] cheese - null
[2021-12-14T00:44:16.334] [DEBUG] cheese - login => username:admin,password:123456
[2021-12-14T00:44:16.337] [DEBUG] cheese - admin
[2021-12-14T00:44:16.408] [DEBUG] cheese - null
[2021-12-14T00:44:16.409] [DEBUG] cheese - null
[2021-12-15T00:06:34.521] [DEBUG] cheese - login => username:admin,password:123456
[2021-12-15T00:06:34.522] [DEBUG] cheese - admin
[2021-12-15T00:06:34.579] [DEBUG] cheese - null
[2021-12-15T00:06:34.580] [DEBUG] cheese - null
[2021-12-15T23:17:06.077] [DEBUG] cheese - login => username:admin,password:123456
[2021-12-15T23:17:06.079] [DEBUG] cheese - admin
[2021-12-15T23:17:06.101] [DEBUG] cheese - null
[2021-12-15T23:17:06.101] [DEBUG] cheese - null
[2021-12-16T23:28:56.701] [DEBUG] cheese - login => username:admin,password:123456
[2021-12-16T23:28:56.703] [DEBUG] cheese - admin
[2021-12-16T23:28:56.763] [DEBUG] cheese - null
[2021-12-16T23:28:56.763] [DEBUG] cheese - null
[2021-12-17T23:50:12.808] [DEBUG] cheese - login => username:admin,password:123456
[2021-12-17T23:50:12.813] [DEBUG] cheese - admin
[2021-12-17T23:50:12.835] [DEBUG] cheese - null
[2021-12-17T23:50:12.835] [DEBUG] cheese - null
[2021-12-18T16:35:35.557] [DEBUG] cheese - login => username:admin,password:123456
[2021-12-18T16:35:35.559] [DEBUG] cheese - admin
[2021-12-18T16:35:35.619] [DEBUG] cheese - null
[2021-12-18T16:35:35.620] [DEBUG] cheese - null
[2021-12-19T17:04:47.370] [DEBUG] cheese - login => username:admin,password:123456
[2021-12-19T17:04:47.375] [DEBUG] cheese - admin
[2021-12-19T17:04:47.381] [DEBUG] cheese - null
[2021-12-19T17:04:47.381] [DEBUG] cheese - null
[2021-12-20T23:51:50.940] [DEBUG] cheese - login => username:admin,password:123456
[2021-12-20T23:51:50.947] [DEBUG] cheese - admin
[2021-12-20T23:51:51.021] [DEBUG] cheese - null
[2021-12-20T23:51:51.021] [DEBUG] cheese - null
[2021-12-20T23:52:05.904] [DEBUG] cheese - null
[2021-12-20T23:54:44.308] [DEBUG] cheese - null
[2021-12-21T00:00:25.712] [DEBUG] cheese - null
[2021-12-21T00:00:34.664] [DEBUG] cheese - null
[2021-12-21T00:00:37.430] [DEBUG] cheese - null
[2021-12-21T00:00:41.515] [DEBUG] cheese - null
[2021-12-21T00:00:54.855] [DEBUG] cheese - null
[2021-12-21T00:22:34.398] [DEBUG] cheese - null
[2021-12-22T00:13:40.679] [DEBUG] cheese - login => username:admin,password:123456
[2021-12-22T00:13:40.683] [DEBUG] cheese - admin
[2021-12-22T00:13:40.741] [DEBUG] cheese - null
[2021-12-22T00:13:40.741] [DEBUG] cheese - null
[2021-12-22T00:50:41.686] [DEBUG] cheese - login => username:admin,password:123456
[2021-12-22T00:50:41.686] [DEBUG] cheese - admin
[2021-12-22T00:50:41.693] [DEBUG] cheese - null
[2021-12-22T00:50:41.693] [DEBUG] cheese - null
[2021-12-23T22:27:05.715] [DEBUG] cheese - login => username:admin,password:123456
[2021-12-23T22:27:05.717] [DEBUG] cheese - admin
[2021-12-23T22:27:05.745] [DEBUG] cheese - null
[2021-12-23T22:27:05.745] [DEBUG] cheese - null
[2021-12-26T22:40:41.834] [DEBUG] cheese - login => username:admin,password:123456
[2021-12-26T22:40:41.838] [DEBUG] cheese - admin
[2021-12-26T22:40:41.891] [DEBUG] cheese - null
[2021-12-26T22:40:41.891] [DEBUG] cheese - null
[2021-12-27T23:19:08.604] [DEBUG] cheese - login => username:admin,password:123456
[2021-12-27T23:19:08.609] [DEBUG] cheese - admin
[2021-12-27T23:19:08.644] [DEBUG] cheese - null
[2021-12-27T23:19:08.645] [DEBUG] cheese - null
[2021-12-28T00:22:54.063] [DEBUG] cheese - login => username:admin,password:123456
[2021-12-28T00:22:54.067] [DEBUG] cheese - admin
[2021-12-28T00:22:54.080] [DEBUG] cheese - null
[2021-12-28T00:22:54.081] [DEBUG] cheese - null
[2021-12-29T00:29:45.111] [DEBUG] cheese - login => username:admin,password:123456
[2021-12-29T00:29:45.113] [DEBUG] cheese - admin
[2021-12-29T00:29:45.209] [DEBUG] cheese - null
[2021-12-29T00:29:45.209] [DEBUG] cheese - null
[2021-12-30T22:41:47.523] [DEBUG] cheese - login => username:admin,password:123456
[2021-12-30T22:41:47.531] [DEBUG] cheese - admin
[2021-12-30T22:41:47.579] [DEBUG] cheese - null
[2021-12-30T22:41:47.580] [DEBUG] cheese - null
[2022-01-08T00:16:57.018] [DEBUG] cheese - login => username:admin,password:123456
[2022-01-08T00:16:57.020] [DEBUG] cheese - admin
[2022-01-08T00:16:57.050] [DEBUG] cheese - null
[2022-01-08T00:16:57.051] [DEBUG] cheese - null
[2022-01-08T23:22:29.055] [DEBUG] cheese - login => username:admin,password:123456
[2022-01-08T23:22:29.058] [DEBUG] cheese - admin
[2022-01-08T23:22:29.156] [DEBUG] cheese - null
[2022-01-08T23:22:29.157] [DEBUG] cheese - null
[2022-01-10T23:00:42.262] [DEBUG] cheese - login => username:admin,password:123456
[2022-01-10T23:00:42.266] [DEBUG] cheese - admin
[2022-01-10T23:00:42.369] [DEBUG] cheese - null
[2022-01-10T23:00:42.369] [DEBUG] cheese - null
[2022-01-11T00:23:45.506] [DEBUG] cheese - login => username:admin,password:123456
[2022-01-11T00:23:45.508] [DEBUG] cheese - admin
[2022-01-11T00:23:45.533] [DEBUG] cheese - null
[2022-01-11T00:23:45.534] [DEBUG] cheese - null
[2022-01-11T22:19:36.907] [DEBUG] cheese - login => username:admin,password:123456
[2022-01-11T22:19:36.911] [DEBUG] cheese - admin
[2022-01-11T22:19:36.925] [DEBUG] cheese - null
[2022-01-11T22:19:36.925] [DEBUG] cheese - null
[2022-01-12T00:06:19.231] [DEBUG] cheese - null
[2022-01-12T00:06:23.227] [DEBUG] cheese - null
[2022-01-12T00:06:55.827] [DEBUG] cheese - null
[2022-01-12T00:06:58.793] [DEBUG] cheese - null
[2022-01-12T00:07:16.964] [DEBUG] cheese - null
[2022-01-12T00:07:21.681] [DEBUG] cheese - null
[2022-01-12T00:09:49.086] [DEBUG] cheese - null
[2022-01-12T00:10:14.897] [DEBUG] cheese - null
[2022-01-12T00:11:49.369] [DEBUG] cheese - login => username:admin,password:123456
[2022-01-12T00:11:49.369] [DEBUG] cheese - admin
[2022-01-12T00:11:49.377] [DEBUG] cheese - null
[2022-01-12T00:11:49.377] [DEBUG] cheese - null
[2022-01-12T00:12:18.950] [DEBUG] cheese - null
[2022-01-12T00:15:00.265] [DEBUG] cheese - null
[2022-01-12T00:15:27.065] [DEBUG] cheese - null
[2022-01-12T00:16:25.511] [DEBUG] cheese - null
[2022-01-12T00:18:46.384] [DEBUG] cheese - null
[2022-01-12T00:43:08.681] [DEBUG] cheese - null
[2022-01-12T00:43:50.651] [DEBUG] cheese - null
[2022-01-12T00:44:13.391] [DEBUG] cheese - null
[2022-01-12T00:45:18.832] [DEBUG] cheese - null
[2022-01-15T14:45:51.761] [DEBUG] cheese - login => username:admin,password:123456
[2022-01-15T14:45:51.762] [DEBUG] cheese - admin
[2022-01-15T14:45:51.840] [DEBUG] cheese - null
[2022-01-15T14:45:51.840] [DEBUG] cheese - null
[2022-01-17T00:04:51.771] [DEBUG] cheese - login => username:admin,password:123456
[2022-01-17T00:04:51.773] [DEBUG] cheese - admin
[2022-01-17T00:04:51.829] [DEBUG] cheese - null
[2022-01-17T00:04:51.829] [DEBUG] cheese - null
[2022-01-17T00:10:40.856] [DEBUG] cheese - login => username:admin,password:123456
[2022-01-17T00:10:40.856] [DEBUG] cheese - admin
[2022-01-17T00:10:40.860] [DEBUG] cheese - null
[2022-01-17T00:10:40.860] [DEBUG] cheese - null
[2022-01-18T21:13:10.868] [DEBUG] cheese - login => username:admin,password:123456
[2022-01-18T21:13:10.872] [DEBUG] cheese - admin
[2022-01-18T21:13:10.908] [DEBUG] cheese - null
[2022-01-18T21:13:10.908] [DEBUG] cheese - null
[2022-01-18T23:25:13.801] [DEBUG] cheese - login => username:admin,password:123456
[2022-01-18T23:25:13.807] [DEBUG] cheese - admin
[2022-01-18T23:25:13.833] [DEBUG] cheese - null
[2022-01-18T23:25:13.836] [DEBUG] cheese - null
[2022-01-18T23:44:27.703] [DEBUG] cheese - login => username:admin,password:123456
[2022-01-18T23:44:27.705] [DEBUG] cheese - admin
[2022-01-18T23:44:27.713] [DEBUG] cheese - null
[2022-01-18T23:44:27.714] [DEBUG] cheese - null
[2022-01-18T23:47:41.751] [DEBUG] cheese - login => username:admin,password:123456
[2022-01-18T23:47:41.753] [DEBUG] cheese - admin
[2022-01-18T23:47:41.757] [DEBUG] cheese - null
[2022-01-18T23:47:41.757] [DEBUG] cheese - null
[2022-01-19T00:17:58.508] [DEBUG] cheese - login => username:admin,password:123456
[2022-01-19T00:17:58.509] [DEBUG] cheese - admin
[2022-01-19T00:17:58.517] [DEBUG] cheese - null
[2022-01-19T00:17:58.518] [DEBUG] cheese - null
[2022-01-19T00:20:09.739] [DEBUG] cheese - login => username:admin,password:123456
[2022-01-19T00:20:09.740] [DEBUG] cheese - admin
[2022-01-19T00:20:09.744] [DEBUG] cheese - null
[2022-01-19T00:20:09.744] [DEBUG] cheese - null
[2022-01-19T21:20:55.326] [DEBUG] cheese - login => username:admin,password:123456
[2022-01-19T21:20:55.331] [DEBUG] cheese - admin
[2022-01-19T21:20:55.359] [DEBUG] cheese - null
[2022-01-19T21:20:55.359] [DEBUG] cheese - null
[2022-01-19T21:36:59.736] [DEBUG] cheese - login => username:admin,password:123456
[2022-01-19T21:36:59.736] [DEBUG] cheese - admin
[2022-01-19T21:36:59.743] [DEBUG] cheese - null
[2022-01-19T21:36:59.744] [DEBUG] cheese - null
[2022-01-19T21:46:21.200] [DEBUG] cheese - login => username:admin,password:123456
[2022-01-19T21:46:21.200] [DEBUG] cheese - admin
[2022-01-19T21:46:21.203] [DEBUG] cheese - null
[2022-01-19T21:46:21.203] [DEBUG] cheese - null
[2022-01-20T00:40:18.335] [DEBUG] cheese - login => username:admin,password:123456
[2022-01-20T00:40:18.335] [DEBUG] cheese - admin
[2022-01-20T00:40:18.344] [DEBUG] cheese - null
[2022-01-20T00:40:18.344] [DEBUG] cheese - null
[2022-01-20T00:48:51.684] [DEBUG] cheese - login => username:admin,password:123456
[2022-01-20T00:48:51.686] [DEBUG] cheese - admin
[2022-01-20T00:48:51.703] [DEBUG] cheese - null
[2022-01-20T00:48:51.703] [DEBUG] cheese - null
